<?xml version="1.0" encoding="UTF-8" ?>
<testsuite failures="0" time="0.005" errors="0" skipped="0" tests="1" name="org.javautil.text.SimilarStringsTest">
  <properties>
    <property name="java.runtime.name" value="Java(TM) SE Runtime Environment"/>
    <property name="sun.boot.library.path" value="/common/tools/linux/32/javas/jdk1.6.0_26/jre/lib/i386"/>
    <property name="java.vm.version" value="20.1-b02"/>
    <property name="java.vm.vendor" value="Sun Microsystems Inc."/>
    <property name="java.vendor.url" value="http://java.sun.com/"/>
    <property name="path.separator" value=":"/>
    <property name="java.vm.name" value="Java HotSpot(TM) Server VM"/>
    <property name="file.encoding.pkg" value="sun.io"/>
    <property name="user.country" value="US"/>
    <property name="sun.java.launcher" value="SUN_STANDARD"/>
    <property name="sun.os.patch.level" value="unknown"/>
    <property name="java.vm.specification.name" value="Java Virtual Machine Specification"/>
    <property name="user.dir" value="/common/home/jjs/workspace/javautil-diff-match"/>
    <property name="java.runtime.version" value="1.6.0_26-b03"/>
    <property name="java.awt.graphicsenv" value="sun.awt.X11GraphicsEnvironment"/>
    <property name="basedir" value="/common/home/jjs/workspace/javautil-diff-match"/>
    <property name="java.endorsed.dirs" value="/common/tools/linux/32/javas/jdk1.6.0_26/jre/lib/endorsed"/>
    <property name="os.arch" value="i386"/>
    <property name="surefire.real.class.path" value="/tmp/surefirebooter5035378054291886534.jar"/>
    <property name="java.io.tmpdir" value="/tmp"/>
    <property name="line.separator" value="
"/>
    <property name="java.vm.specification.vendor" value="Sun Microsystems Inc."/>
    <property name="os.name" value="Linux"/>
    <property name="sun.jnu.encoding" value="UTF-8"/>
    <property name="java.library.path" value="/common/tools/linux/32/javas/jdk1.6.0_26/jre/lib/i386/server:/common/tools/linux/32/javas/jdk1.6.0_26/jre/lib/i386:/common/tools/linux/32/javas/jdk1.6.0_26/jre/../lib/i386:/usr/java/packages/lib/i386:/lib:/usr/lib"/>
    <property name="surefire.test.class.path" value="/common/home/jjs/workspace/javautil-diff-match/target/test-classes:/common/home/jjs/workspace/javautil-diff-match/target/classes:/common/home/jjs/.m2/repository/name/fraser/neil/diff-match/1.0/diff-match-1.0.jar:/common/home/jjs/.m2/repository/xerces/xercesImpl/2.6.2/xercesImpl-2.6.2.jar:/common/home/jjs/.m2/repository/xerces/xmlParserAPIs/2.6.2/xmlParserAPIs-2.6.2.jar:/common/home/jjs/.m2/repository/log4j/log4j/1.2.14/log4j-1.2.14.jar:/common/home/jjs/.m2/repository/junit/junit/4.4/junit-4.4.jar:"/>
    <property name="java.specification.name" value="Java Platform API Specification"/>
    <property name="java.class.version" value="50.0"/>
    <property name="sun.management.compiler" value="HotSpot Tiered Compilers"/>
    <property name="os.version" value="2.6.35.14-106.fc14.i686"/>
    <property name="user.home" value="/common/home/jjs"/>
    <property name="user.timezone" value=""/>
    <property name="java.awt.printerjob" value="sun.print.PSPrinterJob"/>
    <property name="file.encoding" value="UTF-8"/>
    <property name="java.specification.version" value="1.6"/>
    <property name="user.name" value="jjs"/>
    <property name="java.class.path" value="/common/home/jjs/workspace/javautil-diff-match/target/test-classes:/common/home/jjs/workspace/javautil-diff-match/target/classes:/common/home/jjs/.m2/repository/name/fraser/neil/diff-match/1.0/diff-match-1.0.jar:/common/home/jjs/.m2/repository/xerces/xercesImpl/2.6.2/xercesImpl-2.6.2.jar:/common/home/jjs/.m2/repository/xerces/xmlParserAPIs/2.6.2/xmlParserAPIs-2.6.2.jar:/common/home/jjs/.m2/repository/log4j/log4j/1.2.14/log4j-1.2.14.jar:/common/home/jjs/.m2/repository/junit/junit/4.4/junit-4.4.jar:"/>
    <property name="java.vm.specification.version" value="1.0"/>
    <property name="sun.arch.data.model" value="32"/>
    <property name="java.home" value="/common/tools/linux/32/javas/jdk1.6.0_26/jre"/>
    <property name="sun.java.command" value="/tmp/surefirebooter5035378054291886534.jar /tmp/surefire2811858258203564751tmp /tmp/surefire5217936461057638999tmp"/>
    <property name="java.specification.vendor" value="Sun Microsystems Inc."/>
    <property name="user.language" value="en"/>
    <property name="java.vm.info" value="mixed mode"/>
    <property name="java.version" value="1.6.0_26"/>
    <property name="java.ext.dirs" value="/common/tools/linux/32/javas/jdk1.6.0_26/jre/lib/ext:/usr/java/packages/lib/ext"/>
    <property name="sun.boot.class.path" value="/common/tools/linux/32/javas/jdk1.6.0_26/jre/lib/resources.jar:/common/tools/linux/32/javas/jdk1.6.0_26/jre/lib/rt.jar:/common/tools/linux/32/javas/jdk1.6.0_26/jre/lib/sunrsasign.jar:/common/tools/linux/32/javas/jdk1.6.0_26/jre/lib/jsse.jar:/common/tools/linux/32/javas/jdk1.6.0_26/jre/lib/jce.jar:/common/tools/linux/32/javas/jdk1.6.0_26/jre/lib/charsets.jar:/common/tools/linux/32/javas/jdk1.6.0_26/jre/lib/modules/jdk.boot.jar:/common/tools/linux/32/javas/jdk1.6.0_26/jre/classes"/>
    <property name="java.vendor" value="Sun Microsystems Inc."/>
    <property name="localRepository" value="/common/home/jjs/.m2/repository"/>
    <property name="file.separator" value="/"/>
    <property name="java.vendor.url.bug" value="http://java.sun.com/cgi-bin/bugreport.cgi"/>
    <property name="sun.cpu.endian" value="little"/>
    <property name="sun.io.unicode.encoding" value="UnicodeLittle"/>
    <property name="sun.desktop" value="gnome"/>
    <property name="sun.cpu.isalist" value=""/>
  </properties>
  <testcase time="0.003" classname="org.javautil.text.SimilarStringsTest" name="test"/>
</testsuite>