<?xml version="1.0" encoding="UTF-8" ?>
<testsuite failures="0" time="0.662" errors="0" skipped="1" tests="2" name="org.javautil.mp3.ExtractorTest">
  <properties>
    <property name="c3p0.minPoolSize" value="1"/>
    <property name="java.runtime.name" value="Java(TM) SE Runtime Environment"/>
    <property name="sun.boot.library.path" value="/common/tools/linux/32/javas/jdk1.6.0_26/jre/lib/i386"/>
    <property name="java.vm.version" value="20.1-b02"/>
    <property name="java.vm.vendor" value="Sun Microsystems Inc."/>
    <property name="java.vendor.url" value="http://java.sun.com/"/>
    <property name="path.separator" value=":"/>
    <property name="java.vm.name" value="Java HotSpot(TM) Server VM"/>
    <property name="file.encoding.pkg" value="sun.io"/>
    <property name="user.country" value="US"/>
    <property name="sun.java.launcher" value="SUN_STANDARD"/>
    <property name="sun.os.patch.level" value="unknown"/>
    <property name="java.vm.specification.name" value="Java Virtual Machine Specification"/>
    <property name="user.dir" value="/common/home/jjs/workspace/javautil-mp3"/>
    <property name="java.runtime.version" value="1.6.0_26-b03"/>
    <property name="java.awt.graphicsenv" value="sun.awt.X11GraphicsEnvironment"/>
    <property name="basedir" value="/common/home/jjs/workspace/javautil-mp3"/>
    <property name="java.endorsed.dirs" value="/common/tools/linux/32/javas/jdk1.6.0_26/jre/lib/endorsed"/>
    <property name="os.arch" value="i386"/>
    <property name="surefire.real.class.path" value="/tmp/surefirebooter5504637249401361377.jar"/>
    <property name="c3p0.maxIdleTimeExcessConnections" value="3600"/>
    <property name="java.io.tmpdir" value="/tmp"/>
    <property name="line.separator" value="
"/>
    <property name="java.vm.specification.vendor" value="Sun Microsystems Inc."/>
    <property name="os.name" value="Linux"/>
    <property name="sun.jnu.encoding" value="UTF-8"/>
    <property name="java.library.path" value="/common/tools/linux/32/javas/jdk1.6.0_26/jre/lib/i386/server:/common/tools/linux/32/javas/jdk1.6.0_26/jre/lib/i386:/common/tools/linux/32/javas/jdk1.6.0_26/jre/../lib/i386:/usr/java/packages/lib/i386:/lib:/usr/lib"/>
    <property name="surefire.test.class.path" value="/common/home/jjs/workspace/javautil-mp3/target/test-classes:/common/home/jjs/workspace/javautil-mp3/target/classes:/common/home/jjs/.m2/repository/commons-dbcp/commons-dbcp/1.2.2/commons-dbcp-1.2.2.jar:/common/home/jjs/.m2/repository/commons-pool/commons-pool/1.3/commons-pool-1.3.jar:/common/home/jjs/.m2/repository/net/jthink/jaudiotagger/2.0.4-SNAPSHOT/jaudiotagger-2.0.4-SNAPSHOT.jar:/common/home/jjs/.m2/repository/log4j/log4j/1.2.14/log4j-1.2.14.jar:/common/home/jjs/.m2/repository/com/h2database/h2/1.3.159/h2-1.3.159.jar:/common/home/jjs/.m2/repository/junit/junit/4.4/junit-4.4.jar:/common/home/jjs/workspace/javautil-diff-match/target/javautil-diff-match-0.11.0.jar:/common/home/jjs/.m2/repository/name/fraser/neil/diff-match/1.0/diff-match-1.0.jar:/common/home/jjs/workspace/javautil-commandline/target/javautil-commandline-0.11.0.jar:/common/home/jjs/.m2/repository/jcmdline/jcmdline/1.0.3/jcmdline-1.0.3.jar:/common/home/jjs/.m2/repository/commons-configuration/commons-configuration/1.7/commons-configuration-1.7.jar:/common/home/jjs/.m2/repository/commons-lang/commons-lang/2.6/commons-lang-2.6.jar:/common/home/jjs/.m2/repository/commons-digester/commons-digester/1.8.1/commons-digester-1.8.1.jar:/common/home/jjs/.m2/repository/commons-beanutils/commons-beanutils/1.8.3/commons-beanutils-1.8.3.jar:/common/home/jjs/workspace/javautil-core/target/javautil-core-0.11.0.jar:/common/home/jjs/.m2/repository/commons-codec/commons-codec/1.5/commons-codec-1.5.jar:/common/home/jjs/.m2/repository/commons-jxpath/commons-jxpath/1.2/commons-jxpath-1.2.jar:/common/home/jjs/.m2/repository/javax/servlet/servlet-api/2.2/servlet-api-2.2.jar:/common/home/jjs/.m2/repository/ant/ant-optional/1.5.1/ant-optional-1.5.1.jar:/common/home/jjs/.m2/repository/jdom/jdom/b9/jdom-b9.jar:/common/home/jjs/.m2/repository/commons-io/commons-io/1.4/commons-io-1.4.jar:/common/home/jjs/.m2/repository/org/slf4j/slf4j-api/1.5.6/slf4j-api-1.5.6.jar:/common/home/jjs/.m2/repository/org/slf4j/slf4j-simple/1.5.6/slf4j-simple-1.5.6.jar:/common/home/jjs/.m2/repository/org/springframework/spring-test/2.5.6/spring-test-2.5.6.jar:/common/home/jjs/workspace/javautil-jdbc/target/javautil-jdbc-0.11.0.jar:/common/home/jjs/.m2/repository/org/springframework/spring-jdbc/2.5.6/spring-jdbc-2.5.6.jar:/common/home/jjs/.m2/repository/dom4j/dom4j/1.6.1/dom4j-1.6.1.jar:/common/home/jjs/.m2/repository/xml-apis/xml-apis/1.0.b2/xml-apis-1.0.b2.jar:/common/home/jjs/.m2/repository/com/mchange/c3p0/0.9.1/c3p0-0.9.1.jar:/common/home/jjs/.m2/repository/org/freemarker/freemarker/2.3.15/freemarker-2.3.15.jar:/common/home/jjs/.m2/repository/org/apache/openejb/javaee-api/5.0-1/javaee-api-5.0-1.jar:/common/home/jjs/.m2/repository/commons-logging/commons-logging/1.1/commons-logging-1.1.jar:/common/home/jjs/.m2/repository/org/hibernate/hibernate-core/3.3.1.GA/hibernate-core-3.3.1.GA.jar:/common/home/jjs/.m2/repository/antlr/antlr/2.7.6/antlr-2.7.6.jar:/common/home/jjs/.m2/repository/commons-collections/commons-collections/3.1/commons-collections-3.1.jar:/common/home/jjs/.m2/repository/javax/transaction/jta/1.1/jta-1.1.jar:/common/home/jjs/.m2/repository/org/hibernate/hibernate-ehcache/3.3.1.GA/hibernate-ehcache-3.3.1.GA.jar:/common/home/jjs/.m2/repository/net/sf/ehcache/ehcache/1.2.3/ehcache-1.2.3.jar:/common/home/jjs/.m2/repository/org/springframework/spring-orm/2.5.6/spring-orm-2.5.6.jar:/common/home/jjs/.m2/repository/aopalliance/aopalliance/1.0/aopalliance-1.0.jar:/common/home/jjs/.m2/repository/org/springframework/spring-beans/2.5.6/spring-beans-2.5.6.jar:/common/home/jjs/.m2/repository/org/springframework/spring-context/2.5.6/spring-context-2.5.6.jar:/common/home/jjs/.m2/repository/org/springframework/spring-core/2.5.6/spring-core-2.5.6.jar:/common/home/jjs/.m2/repository/org/springframework/spring-tx/2.5.6/spring-tx-2.5.6.jar:/common/home/jjs/.m2/repository/hibernate/hibernate-tools/3.2.3.GA/hibernate-tools-3.2.3.GA.jar:/common/home/jjs/.m2/repository/org/beanshell/bsh/2.0b4/bsh-2.0b4.jar:/common/home/jjs/.m2/repository/freemarker/freemarker/2.3.8/freemarker-2.3.8.jar:/common/home/jjs/.m2/repository/org/hibernate/jtidy/r8-20060801/jtidy-r8-20060801.jar:/common/home/jjs/.m2/repository/javassist/javassist/3.8.0.GA/javassist-3.8.0.GA.jar:/common/home/jjs/.m2/repository/xerces/xercesImpl/2.6.2/xercesImpl-2.6.2.jar:/common/home/jjs/.m2/repository/xerces/xmlParserAPIs/2.6.2/xmlParserAPIs-2.6.2.jar:"/>
    <property name="java.specification.name" value="Java Platform API Specification"/>
    <property name="java.class.version" value="50.0"/>
    <property name="sun.management.compiler" value="HotSpot Tiered Compilers"/>
    <property name="os.version" value="2.6.35.14-106.fc14.i686"/>
    <property name="user.home" value="/common/home/jjs"/>
    <property name="user.timezone" value="America/Panama"/>
    <property name="java.awt.printerjob" value="sun.print.PSPrinterJob"/>
    <property name="java.specification.version" value="1.6"/>
    <property name="file.encoding" value="UTF-8"/>
    <property name="c3p0.maxPoolSize" value="3"/>
    <property name="user.name" value="jjs"/>
    <property name="java.class.path" value="/common/home/jjs/workspace/javautil-mp3/target/test-classes:/common/home/jjs/workspace/javautil-mp3/target/classes:/common/home/jjs/.m2/repository/commons-dbcp/commons-dbcp/1.2.2/commons-dbcp-1.2.2.jar:/common/home/jjs/.m2/repository/commons-pool/commons-pool/1.3/commons-pool-1.3.jar:/common/home/jjs/.m2/repository/net/jthink/jaudiotagger/2.0.4-SNAPSHOT/jaudiotagger-2.0.4-SNAPSHOT.jar:/common/home/jjs/.m2/repository/log4j/log4j/1.2.14/log4j-1.2.14.jar:/common/home/jjs/.m2/repository/com/h2database/h2/1.3.159/h2-1.3.159.jar:/common/home/jjs/.m2/repository/junit/junit/4.4/junit-4.4.jar:/common/home/jjs/workspace/javautil-diff-match/target/javautil-diff-match-0.11.0.jar:/common/home/jjs/.m2/repository/name/fraser/neil/diff-match/1.0/diff-match-1.0.jar:/common/home/jjs/workspace/javautil-commandline/target/javautil-commandline-0.11.0.jar:/common/home/jjs/.m2/repository/jcmdline/jcmdline/1.0.3/jcmdline-1.0.3.jar:/common/home/jjs/.m2/repository/commons-configuration/commons-configuration/1.7/commons-configuration-1.7.jar:/common/home/jjs/.m2/repository/commons-lang/commons-lang/2.6/commons-lang-2.6.jar:/common/home/jjs/.m2/repository/commons-digester/commons-digester/1.8.1/commons-digester-1.8.1.jar:/common/home/jjs/.m2/repository/commons-beanutils/commons-beanutils/1.8.3/commons-beanutils-1.8.3.jar:/common/home/jjs/workspace/javautil-core/target/javautil-core-0.11.0.jar:/common/home/jjs/.m2/repository/commons-codec/commons-codec/1.5/commons-codec-1.5.jar:/common/home/jjs/.m2/repository/commons-jxpath/commons-jxpath/1.2/commons-jxpath-1.2.jar:/common/home/jjs/.m2/repository/javax/servlet/servlet-api/2.2/servlet-api-2.2.jar:/common/home/jjs/.m2/repository/ant/ant-optional/1.5.1/ant-optional-1.5.1.jar:/common/home/jjs/.m2/repository/jdom/jdom/b9/jdom-b9.jar:/common/home/jjs/.m2/repository/commons-io/commons-io/1.4/commons-io-1.4.jar:/common/home/jjs/.m2/repository/org/slf4j/slf4j-api/1.5.6/slf4j-api-1.5.6.jar:/common/home/jjs/.m2/repository/org/slf4j/slf4j-simple/1.5.6/slf4j-simple-1.5.6.jar:/common/home/jjs/.m2/repository/org/springframework/spring-test/2.5.6/spring-test-2.5.6.jar:/common/home/jjs/workspace/javautil-jdbc/target/javautil-jdbc-0.11.0.jar:/common/home/jjs/.m2/repository/org/springframework/spring-jdbc/2.5.6/spring-jdbc-2.5.6.jar:/common/home/jjs/.m2/repository/dom4j/dom4j/1.6.1/dom4j-1.6.1.jar:/common/home/jjs/.m2/repository/xml-apis/xml-apis/1.0.b2/xml-apis-1.0.b2.jar:/common/home/jjs/.m2/repository/com/mchange/c3p0/0.9.1/c3p0-0.9.1.jar:/common/home/jjs/.m2/repository/org/freemarker/freemarker/2.3.15/freemarker-2.3.15.jar:/common/home/jjs/.m2/repository/org/apache/openejb/javaee-api/5.0-1/javaee-api-5.0-1.jar:/common/home/jjs/.m2/repository/commons-logging/commons-logging/1.1/commons-logging-1.1.jar:/common/home/jjs/.m2/repository/org/hibernate/hibernate-core/3.3.1.GA/hibernate-core-3.3.1.GA.jar:/common/home/jjs/.m2/repository/antlr/antlr/2.7.6/antlr-2.7.6.jar:/common/home/jjs/.m2/repository/commons-collections/commons-collections/3.1/commons-collections-3.1.jar:/common/home/jjs/.m2/repository/javax/transaction/jta/1.1/jta-1.1.jar:/common/home/jjs/.m2/repository/org/hibernate/hibernate-ehcache/3.3.1.GA/hibernate-ehcache-3.3.1.GA.jar:/common/home/jjs/.m2/repository/net/sf/ehcache/ehcache/1.2.3/ehcache-1.2.3.jar:/common/home/jjs/.m2/repository/org/springframework/spring-orm/2.5.6/spring-orm-2.5.6.jar:/common/home/jjs/.m2/repository/aopalliance/aopalliance/1.0/aopalliance-1.0.jar:/common/home/jjs/.m2/repository/org/springframework/spring-beans/2.5.6/spring-beans-2.5.6.jar:/common/home/jjs/.m2/repository/org/springframework/spring-context/2.5.6/spring-context-2.5.6.jar:/common/home/jjs/.m2/repository/org/springframework/spring-core/2.5.6/spring-core-2.5.6.jar:/common/home/jjs/.m2/repository/org/springframework/spring-tx/2.5.6/spring-tx-2.5.6.jar:/common/home/jjs/.m2/repository/hibernate/hibernate-tools/3.2.3.GA/hibernate-tools-3.2.3.GA.jar:/common/home/jjs/.m2/repository/org/beanshell/bsh/2.0b4/bsh-2.0b4.jar:/common/home/jjs/.m2/repository/freemarker/freemarker/2.3.8/freemarker-2.3.8.jar:/common/home/jjs/.m2/repository/org/hibernate/jtidy/r8-20060801/jtidy-r8-20060801.jar:/common/home/jjs/.m2/repository/javassist/javassist/3.8.0.GA/javassist-3.8.0.GA.jar:/common/home/jjs/.m2/repository/xerces/xercesImpl/2.6.2/xercesImpl-2.6.2.jar:/common/home/jjs/.m2/repository/xerces/xmlParserAPIs/2.6.2/xmlParserAPIs-2.6.2.jar:"/>
    <property name="java.vm.specification.version" value="1.0"/>
    <property name="sun.arch.data.model" value="32"/>
    <property name="java.home" value="/common/tools/linux/32/javas/jdk1.6.0_26/jre"/>
    <property name="sun.java.command" value="/tmp/surefirebooter5504637249401361377.jar /tmp/surefire7369101337699247273tmp /tmp/surefire8808623575895463990tmp"/>
    <property name="DATASOURCES_FILE" value="target/test-classes/DataSources.xml"/>
    <property name="java.specification.vendor" value="Sun Microsystems Inc."/>
    <property name="user.language" value="en"/>
    <property name="java.vm.info" value="mixed mode"/>
    <property name="c3p0.unreturnedConnectionTimeout" value="28800"/>
    <property name="java.version" value="1.6.0_26"/>
    <property name="c3p0.debugUnreturnedConnectionStackTraces" value="true"/>
    <property name="java.ext.dirs" value="/common/tools/linux/32/javas/jdk1.6.0_26/jre/lib/ext:/usr/java/packages/lib/ext"/>
    <property name="sun.boot.class.path" value="/common/tools/linux/32/javas/jdk1.6.0_26/jre/lib/resources.jar:/common/tools/linux/32/javas/jdk1.6.0_26/jre/lib/rt.jar:/common/tools/linux/32/javas/jdk1.6.0_26/jre/lib/sunrsasign.jar:/common/tools/linux/32/javas/jdk1.6.0_26/jre/lib/jsse.jar:/common/tools/linux/32/javas/jdk1.6.0_26/jre/lib/jce.jar:/common/tools/linux/32/javas/jdk1.6.0_26/jre/lib/charsets.jar:/common/tools/linux/32/javas/jdk1.6.0_26/jre/lib/modules/jdk.boot.jar:/common/tools/linux/32/javas/jdk1.6.0_26/jre/classes"/>
    <property name="java.vendor" value="Sun Microsystems Inc."/>
    <property name="localRepository" value="/common/home/jjs/.m2/repository"/>
    <property name="file.separator" value="/"/>
    <property name="java.vendor.url.bug" value="http://java.sun.com/cgi-bin/bugreport.cgi"/>
    <property name="sun.cpu.endian" value="little"/>
    <property name="sun.io.unicode.encoding" value="UnicodeLittle"/>
    <property name="sun.desktop" value="gnome"/>
    <property name="sun.cpu.isalist" value=""/>
  </properties>
  <testcase time="0.659" classname="org.javautil.mp3.ExtractorTest" name="toCSV"/>
  <testcase time="0.659" classname="org.javautil.mp3.ExtractorTest" name="toH2Jdbc">
    <skipped/>
  </testcase>
</testsuite>