<?xml version="1.0" encoding="UTF-8" ?>
<testsuite failures="0" time="0.002" errors="0" skipped="0" tests="3" name="org.javautil.address.ZipCodeFormatterTest">
  <properties>
    <property name="java.vendor" value="Sun Microsystems Inc."/>
    <property name="env.SESSION_MANAGER" value="local/unix:@/tmp/.ICE-unix/1754,unix/unix:/tmp/.ICE-unix/1754"/>
    <property name="env.LESSOPEN" value="||/usr/bin/lesspipe.sh %s"/>
    <property name="localRepository" value="/common/home/jjs/.m2/repository"/>
    <property name="sun.java.launcher" value="SUN_STANDARD"/>
    <property name="env.QT_IM_MODULE" value="xim"/>
    <property name="sun.management.compiler" value="HotSpot Tiered Compilers"/>
    <property name="env.COLORFGBG" value="15;0"/>
    <property name="os.name" value="Linux"/>
    <property name="sun.boot.class.path" value="/common/tools/linux/32/javas/jdk1.6.0_26/jre/lib/resources.jar:/common/tools/linux/32/javas/jdk1.6.0_26/jre/lib/rt.jar:/common/tools/linux/32/javas/jdk1.6.0_26/jre/lib/sunrsasign.jar:/common/tools/linux/32/javas/jdk1.6.0_26/jre/lib/jsse.jar:/common/tools/linux/32/javas/jdk1.6.0_26/jre/lib/jce.jar:/common/tools/linux/32/javas/jdk1.6.0_26/jre/lib/charsets.jar:/common/tools/linux/32/javas/jdk1.6.0_26/jre/lib/modules/jdk.boot.jar:/common/tools/linux/32/javas/jdk1.6.0_26/jre/classes"/>
    <property name="env.PWD" value="/common/home/jjs/workspace/javautil-addressvalidation"/>
    <property name="env.XDG_SESSION_COOKIE" value="3b2f9dde93f930b27713b86000000020-1333917989.272086-739318324"/>
    <property name="sun.desktop" value="gnome"/>
    <property name="env.LANG" value="en_US.UTF-8"/>
    <property name="java.vm.specification.vendor" value="Sun Microsystems Inc."/>
    <property name="downloadJavadocs" value="true"/>
    <property name="java.runtime.version" value="1.6.0_26-b03"/>
    <property name="env.HISTSIZE" value="1000"/>
    <property name="env.DISPLAY" value=":0.0"/>
    <property name="user.name" value="jjs"/>
    <property name="env.USER" value="jjs"/>
    <property name="log4j.configuration" value="/common/home/jjs/workspace/maven-log4j.xml"/>
    <property name="env.HISTCONTROL" value="ignoredups"/>
    <property name="env.SHELL" value="/bin/bash"/>
    <property name="env.QTLIB" value="/usr/lib/qt-3.3/lib"/>
    <property name="env.DESKTOP_SESSION" value="gnome"/>
    <property name="env.NLSPATH" value="/usr/dt/lib/nls/msg/%L/%N.cat"/>
    <property name="env.PATH" value="/common/home/jjs/bin:/usr/lib/qt-3.3/bin:/common/tools/java/apache-maven-2.2.1/bin:/common/tools/linux/32/javas/jdk1.6.0_26/bin:/common/tools/linux/32/eclipses/eclipse-SDK-3.7-linux-gtk/eclipse:/usr/lib/ccache:/common/tools/java/apache-ant-1.8.2/bin:/usr/local/bin:/usr/bin:/bin:/usr/local/sbin:/usr/sbin:/sbin"/>
    <property name="user.language" value="en"/>
    <property name="env.IMSETTINGS_MODULE" value="none"/>
    <property name="sun.boot.library.path" value="/common/tools/linux/32/javas/jdk1.6.0_26/jre/lib/i386"/>
    <property name="classworlds.conf" value="/common/tools/java/apache-maven-3.0/bin/m2.conf"/>
    <property name="java.version" value="1.6.0_26"/>
    <property name="user.timezone" value="America/Panama"/>
    <property name="env.DBUS_SESSION_BUS_ADDRESS" value="unix:abstract=/tmp/dbus-vmm7d9AV3G,guid=bcd622f4f9b4fb9a8428ca3800000049"/>
    <property name="sun.arch.data.model" value="32"/>
    <property name="java.endorsed.dirs" value="/common/tools/linux/32/javas/jdk1.6.0_26/jre/lib/endorsed"/>
    <property name="sun.cpu.isalist" value=""/>
    <property name="sun.jnu.encoding" value="UTF-8"/>
    <property name="file.encoding.pkg" value="sun.io"/>
    <property name="env.SHLVL" value="3"/>
    <property name="env.HOSTNAME" value="jjs.javautil.org"/>
    <property name="file.separator" value="/"/>
    <property name="java.specification.name" value="Java Platform API Specification"/>
    <property name="env.IMSETTINGS_INTEGRATE_DESKTOP" value="yes"/>
    <property name="env.QTDIR" value="/usr/lib/qt-3.3"/>
    <property name="env.GNOME_DESKTOP_SESSION_ID" value="this-is-deprecated"/>
    <property name="java.class.version" value="50.0"/>
    <property name="env.GDMSESSION" value="gnome"/>
    <property name="env.GDM_KEYBOARD_LAYOUT" value="us"/>
    <property name="user.country" value="US"/>
    <property name="env.GNOME_KEYRING_PID" value="1746"/>
    <property name="java.home" value="/common/tools/linux/32/javas/jdk1.6.0_26/jre"/>
    <property name="java.vm.info" value="mixed mode"/>
    <property name="env.LOGNAME" value="jjs"/>
    <property name="os.version" value="2.6.35.14-106.fc14.i686"/>
    <property name="env.G_BROKEN_FILENAMES" value="1"/>
    <property name="path.separator" value=":"/>
    <property name="java.vm.version" value="20.1-b02"/>
    <property name="env.QTINC" value="/usr/lib/qt-3.3/include"/>
    <property name="env.LANGUAGE" value=""/>
    <property name="env.JAVA_HOME" value="/common/tools/linux/32/javas/jdk1.6.0_26"/>
    <property name="java.awt.printerjob" value="sun.print.PSPrinterJob"/>
    <property name="env.TERM" value="xterm"/>
    <property name="env.WINDOWPATH" value="1"/>
    <property name="sun.io.unicode.encoding" value="UnicodeLittle"/>
    <property name="env.XMODIFIERS" value="@im=none"/>
    <property name="env.GDM_LANG" value="en_US.UTF-8"/>
    <property name="user.home" value="/common/home/jjs"/>
    <property name="env.LOG4J_FILE" value="/common/home/jjs/workspace/maven-log4j.xml"/>
    <property name="env.OLDPWD" value="/common/home/jjs/workspace/javautil-addressvalidation"/>
    <property name="java.specification.vendor" value="Sun Microsystems Inc."/>
    <property name="env.WINDOWID" value="79691804"/>
    <property name="java.vendor.url" value="http://java.sun.com/"/>
    <property name="java.library.path" value="/common/tools/linux/32/javas/jdk1.6.0_26/jre/lib/i386/server:/common/tools/linux/32/javas/jdk1.6.0_26/jre/lib/i386:/common/tools/linux/32/javas/jdk1.6.0_26/jre/../lib/i386:/usr/java/packages/lib/i386:/lib:/usr/lib"/>
    <property name="java.vm.vendor" value="Sun Microsystems Inc."/>
    <property name="java.runtime.name" value="Java(TM) SE Runtime Environment"/>
    <property name="maven.home" value="/common/tools/java/apache-maven-3.0"/>
    <property name="java.class.path" value="/common/tools/java/apache-maven-3.0/boot/plexus-classworlds-2.2.3.jar"/>
    <property name="sun.java.command" value="org.codehaus.plexus.classworlds.launcher.Launcher -Dlog4j.configuration=/common/home/jjs/workspace/maven-log4j.xml -DdownloadSources=true -DdownloadJavadocs=true clean site"/>
    <property name="env.KONSOLE_DBUS_SESSION" value="/Sessions/1"/>
    <property name="env.CVS_RSH" value="ssh"/>
    <property name="env.XFILESEARCHPATH" value="/usr/dt/app-defaults/%L/Dt"/>
    <property name="java.vm.specification.name" value="Java Virtual Machine Specification"/>
    <property name="java.vm.specification.version" value="1.0"/>
    <property name="sun.os.patch.level" value="unknown"/>
    <property name="sun.cpu.endian" value="little"/>
    <property name="downloadSources" value="true"/>
    <property name="env.HOME" value="/common/home/jjs"/>
    <property name="surefire.test.class.path" value="/common/home/jjs/workspace/javautil-addressvalidation/target/test-classes:/common/home/jjs/workspace/javautil-addressvalidation/target/classes:/common/home/jjs/.m2/repository/org/javautil/javautil-core/0.11.0/javautil-core-0.11.0.jar:/common/home/jjs/.m2/repository/commons-codec/commons-codec/1.5/commons-codec-1.5.jar:/common/home/jjs/.m2/repository/commons-jxpath/commons-jxpath/1.2/commons-jxpath-1.2.jar:/common/home/jjs/.m2/repository/javax/servlet/servlet-api/2.2/servlet-api-2.2.jar:/common/home/jjs/.m2/repository/ant/ant-optional/1.5.1/ant-optional-1.5.1.jar:/common/home/jjs/.m2/repository/commons-beanutils/commons-beanutils/1.4/commons-beanutils-1.4.jar:/common/home/jjs/.m2/repository/commons-collections/commons-collections/2.0/commons-collections-2.0.jar:/common/home/jjs/.m2/repository/commons-configuration/commons-configuration/1.7/commons-configuration-1.7.jar:/common/home/jjs/.m2/repository/commons-digester/commons-digester/1.8.1/commons-digester-1.8.1.jar:/common/home/jjs/.m2/repository/org/beanshell/bsh/2.0b4/bsh-2.0b4.jar:/common/home/jjs/.m2/repository/org/javautil/javautil-test/0.11.0/javautil-test-0.11.0.jar:/common/home/jjs/.m2/repository/org/hibernate/hibernate-ehcache/3.3.1.GA/hibernate-ehcache-3.3.1.GA.jar:/common/home/jjs/.m2/repository/net/sf/ehcache/ehcache/1.2.3/ehcache-1.2.3.jar:/common/home/jjs/.m2/repository/org/hibernate/hibernate-core/3.3.1.GA/hibernate-core-3.3.1.GA.jar:/common/home/jjs/.m2/repository/antlr/antlr/2.7.6/antlr-2.7.6.jar:/common/home/jjs/.m2/repository/javax/transaction/jta/1.1/jta-1.1.jar:/common/home/jjs/.m2/repository/hibernate/hibernate-tools/3.2.3.GA/hibernate-tools-3.2.3.GA.jar:/common/home/jjs/.m2/repository/freemarker/freemarker/2.3.8/freemarker-2.3.8.jar:/common/home/jjs/.m2/repository/org/hibernate/jtidy/r8-20060801/jtidy-r8-20060801.jar:/common/home/jjs/.m2/repository/javassist/javassist/3.8.0.GA/javassist-3.8.0.GA.jar:/common/home/jjs/.m2/repository/org/javautil/javautil-commandline/0.11.0/javautil-commandline-0.11.0.jar:/common/home/jjs/.m2/repository/jcmdline/jcmdline/1.0.3/jcmdline-1.0.3.jar:/common/home/jjs/.m2/repository/commons-dbcp/commons-dbcp/1.2.2/commons-dbcp-1.2.2.jar:/common/home/jjs/.m2/repository/commons-pool/commons-pool/1.3/commons-pool-1.3.jar:/common/home/jjs/.m2/repository/org/javautil/javautil-jdbc/0.11.0/javautil-jdbc-0.11.0.jar:/common/home/jjs/.m2/repository/org/springframework/spring-jdbc/2.5.6/spring-jdbc-2.5.6.jar:/common/home/jjs/.m2/repository/com/mchange/c3p0/0.9.1/c3p0-0.9.1.jar:/common/home/jjs/.m2/repository/org/freemarker/freemarker/2.3.15/freemarker-2.3.15.jar:/common/home/jjs/.m2/repository/org/apache/openejb/javaee-api/5.0-1/javaee-api-5.0-1.jar:/common/home/jjs/.m2/repository/com/h2database/h2/1.3.159/h2-1.3.159.jar:/common/home/jjs/.m2/repository/commons-lang/commons-lang/2.4/commons-lang-2.4.jar:/common/home/jjs/.m2/repository/commons-io/commons-io/1.4/commons-io-1.4.jar:/common/home/jjs/.m2/repository/dom4j/dom4j/1.6.1/dom4j-1.6.1.jar:/common/home/jjs/.m2/repository/xml-apis/xml-apis/1.0.b2/xml-apis-1.0.b2.jar:/common/home/jjs/.m2/repository/jaxen/jaxen/1.1.1/jaxen-1.1.1.jar:/common/home/jjs/.m2/repository/jdom/jdom/1.0/jdom-1.0.jar:/common/home/jjs/.m2/repository/xom/xom/1.0/xom-1.0.jar:/common/home/jjs/.m2/repository/xalan/xalan/2.6.0/xalan-2.6.0.jar:/common/home/jjs/.m2/repository/com/ibm/icu/icu4j/2.6.1/icu4j-2.6.1.jar:/common/home/jjs/.m2/repository/org/slf4j/slf4j-api/1.5.6/slf4j-api-1.5.6.jar:/common/home/jjs/.m2/repository/org/slf4j/slf4j-simple/1.5.6/slf4j-simple-1.5.6.jar:/common/home/jjs/.m2/repository/org/springframework/spring-test/2.5.6/spring-test-2.5.6.jar:/common/home/jjs/.m2/repository/commons-logging/commons-logging/1.1.1/commons-logging-1.1.1.jar:/common/home/jjs/.m2/repository/org/springframework/spring-orm/2.5.6/spring-orm-2.5.6.jar:/common/home/jjs/.m2/repository/aopalliance/aopalliance/1.0/aopalliance-1.0.jar:/common/home/jjs/.m2/repository/org/springframework/spring-beans/2.5.6/spring-beans-2.5.6.jar:/common/home/jjs/.m2/repository/org/springframework/spring-core/2.5.6/spring-core-2.5.6.jar:/common/home/jjs/.m2/repository/org/springframework/spring-tx/2.5.6/spring-tx-2.5.6.jar:/common/home/jjs/.m2/repository/org/springframework/spring-context/2.5.6/spring-context-2.5.6.jar:/common/home/jjs/.m2/repository/xerces/xercesImpl/2.6.2/xercesImpl-2.6.2.jar:/common/home/jjs/.m2/repository/xerces/xmlParserAPIs/2.6.2/xmlParserAPIs-2.6.2.jar:/common/home/jjs/.m2/repository/log4j/log4j/1.2.14/log4j-1.2.14.jar:/common/home/jjs/.m2/repository/junit/junit/4.4/junit-4.4.jar:"/>
    <property name="java.io.tmpdir" value="/tmp"/>
    <property name="env.LD_LIBRARY_PATH" value="/common/tools/linux/32/javas/jdk1.6.0_26/jre/lib/i386/server:/common/tools/linux/32/javas/jdk1.6.0_26/jre/lib/i386:/common/tools/linux/32/javas/jdk1.6.0_26/jre/../lib/i386"/>
    <property name="java.vendor.url.bug" value="http://java.sun.com/cgi-bin/bugreport.cgi"/>
    <property name="env.SSH_AUTH_SOCK" value="/tmp/keyring-XIeh5h/ssh"/>
    <property name="env.ECLIPSE_HOME" value="/common/tools/linux/32/eclipses/eclipse-SDK-3.7-linux-gtk/eclipse"/>
    <property name="env.KDEDIRS" value="/usr"/>
    <property name="java.awt.graphicsenv" value="sun.awt.X11GraphicsEnvironment"/>
    <property name="os.arch" value="i386"/>
    <property name="java.ext.dirs" value="/common/tools/linux/32/javas/jdk1.6.0_26/jre/lib/ext:/usr/java/packages/lib/ext"/>
    <property name="user.dir" value="/common/home/jjs/workspace/javautil-addressvalidation"/>
    <property name="env.XAUTHORITY" value="/var/run/gdm/auth-for-jjs-Sji4Qs/database"/>
    <property name="line.separator" value="
"/>
    <property name="java.vm.name" value="Java HotSpot(TM) Server VM"/>
    <property name="basedir" value="/common/home/jjs/workspace/javautil-addressvalidation"/>
    <property name="env.ORBIT_SOCKETDIR" value="/tmp/orbit-jjs"/>
    <property name="env.USERNAME" value="jjs"/>
    <property name="file.encoding" value="UTF-8"/>
    <property name="env.MAIL" value="/var/spool/mail/jjs"/>
    <property name="env.SHELL_SESSION_ID" value="e2132570824640009ec25bb470d69b60"/>
    <property name="env.KONSOLE_DBUS_SERVICE" value=":1.111"/>
    <property name="env.GPG_AGENT_INFO" value="/tmp/keyring-XIeh5h/gpg:0:1"/>
    <property name="java.specification.version" value="1.6"/>
    <property name="env.KDE_IS_PRELINKED" value="1"/>
    <property name="env.GNOME_KEYRING_CONTROL" value="/tmp/keyring-XIeh5h"/>
    <property name="env.PROFILEHOME" value=""/>
    <property name="env.SSH_ASKPASS" value="/usr/libexec/openssh/gnome-ssh-askpass"/>
  </properties>
  <testcase time="0" classname="org.javautil.address.ZipCodeFormatterTest" name="zipTest"/>
  <testcase time="0" classname="org.javautil.address.ZipCodeFormatterTest" name="invalidZips"/>
  <testcase time="0" classname="org.javautil.address.ZipCodeFormatterTest" name="nonNumericZip"/>
</testsuite>