<?xml version="1.0" encoding="UTF-8" ?>
<testsuite failures="0" time="0.089" errors="1" skipped="8" tests="9" name="org.javautil.jfm.SpringTableMetaDataFormGeneratorTest">
  <properties>
    <property name="java.runtime.name" value="Java(TM) SE Runtime Environment"/>
    <property name="sun.boot.library.path" value="/common/tools/linux/32/javas/jdk1.6.0_26/jre/lib/i386"/>
    <property name="java.vm.version" value="20.1-b02"/>
    <property name="java.vm.vendor" value="Sun Microsystems Inc."/>
    <property name="java.vendor.url" value="http://java.sun.com/"/>
    <property name="path.separator" value=":"/>
    <property name="java.vm.name" value="Java HotSpot(TM) Server VM"/>
    <property name="file.encoding.pkg" value="sun.io"/>
    <property name="user.country" value="US"/>
    <property name="sun.java.launcher" value="SUN_STANDARD"/>
    <property name="sun.os.patch.level" value="unknown"/>
    <property name="java.vm.specification.name" value="Java Virtual Machine Specification"/>
    <property name="user.dir" value="/common/home/jjs/workspace/javautil-jfm"/>
    <property name="java.runtime.version" value="1.6.0_26-b03"/>
    <property name="java.awt.graphicsenv" value="sun.awt.X11GraphicsEnvironment"/>
    <property name="basedir" value="/common/home/jjs/workspace/javautil-jfm"/>
    <property name="java.endorsed.dirs" value="/common/tools/linux/32/javas/jdk1.6.0_26/jre/lib/endorsed"/>
    <property name="os.arch" value="i386"/>
    <property name="surefire.real.class.path" value="/tmp/surefirebooter6503198300040838631.jar"/>
    <property name="java.io.tmpdir" value="/tmp"/>
    <property name="line.separator" value="
"/>
    <property name="java.vm.specification.vendor" value="Sun Microsystems Inc."/>
    <property name="os.name" value="Linux"/>
    <property name="sun.jnu.encoding" value="UTF-8"/>
    <property name="java.library.path" value="/common/tools/linux/32/javas/jdk1.6.0_26/jre/lib/i386/server:/common/tools/linux/32/javas/jdk1.6.0_26/jre/lib/i386:/common/tools/linux/32/javas/jdk1.6.0_26/jre/../lib/i386:/usr/java/packages/lib/i386:/lib:/usr/lib"/>
    <property name="surefire.test.class.path" value="/common/home/jjs/workspace/javautil-jfm/target/test-classes:/common/home/jjs/workspace/javautil-jfm/target/classes:/common/home/jjs/.m2/repository/junit/junit/4.4/junit-4.4.jar:/common/home/jjs/.m2/repository/org/javautil/javautil-commandline/0.11.0/javautil-commandline-0.11.0.jar:/common/home/jjs/.m2/repository/jcmdline/jcmdline/1.0.3/jcmdline-1.0.3.jar:/common/home/jjs/.m2/repository/commons-configuration/commons-configuration/1.7/commons-configuration-1.7.jar:/common/home/jjs/.m2/repository/commons-collections/commons-collections/3.2.1/commons-collections-3.2.1.jar:/common/home/jjs/.m2/repository/commons-digester/commons-digester/1.8.1/commons-digester-1.8.1.jar:/common/home/jjs/.m2/repository/commons-beanutils/commons-beanutils/1.8.3/commons-beanutils-1.8.3.jar:/common/home/jjs/.m2/repository/org/javautil/javautil-core/0.11.0/javautil-core-0.11.0.jar:/common/home/jjs/.m2/repository/commons-lang/commons-lang/2.4/commons-lang-2.4.jar:/common/home/jjs/.m2/repository/commons-codec/commons-codec/1.5/commons-codec-1.5.jar:/common/home/jjs/.m2/repository/commons-jxpath/commons-jxpath/1.2/commons-jxpath-1.2.jar:/common/home/jjs/.m2/repository/javax/servlet/servlet-api/2.2/servlet-api-2.2.jar:/common/home/jjs/.m2/repository/ant/ant-optional/1.5.1/ant-optional-1.5.1.jar:/common/home/jjs/.m2/repository/xml-apis/xml-apis/1.0.b2/xml-apis-1.0.b2.jar:/common/home/jjs/.m2/repository/jdom/jdom/b9/jdom-b9.jar:/common/home/jjs/.m2/repository/commons-io/commons-io/1.4/commons-io-1.4.jar:/common/home/jjs/.m2/repository/dom4j/dom4j/1.6.1/dom4j-1.6.1.jar:/common/home/jjs/.m2/repository/org/slf4j/slf4j-api/1.5.6/slf4j-api-1.5.6.jar:/common/home/jjs/.m2/repository/org/slf4j/slf4j-simple/1.5.6/slf4j-simple-1.5.6.jar:/common/home/jjs/.m2/repository/org/springframework/spring-test/2.5.6/spring-test-2.5.6.jar:/common/home/jjs/.m2/repository/org/beanshell/bsh/2.0b4/bsh-2.0b4.jar:/common/home/jjs/.m2/repository/org/javautil/javautil-jdbc/0.11.0/javautil-jdbc-0.11.0.jar:/common/home/jjs/.m2/repository/org/springframework/spring-jdbc/2.5.6/spring-jdbc-2.5.6.jar:/common/home/jjs/.m2/repository/org/springframework/spring-tx/2.5.6/spring-tx-2.5.6.jar:/common/home/jjs/.m2/repository/com/h2database/h2/1.3.159/h2-1.3.159.jar:/common/home/jjs/.m2/repository/com/mchange/c3p0/0.9.1/c3p0-0.9.1.jar:/common/home/jjs/.m2/repository/org/apache/commons/commons-io/1.3.2/commons-io-1.3.2.jar:/common/home/jjs/.m2/repository/org/freemarker/freemarker/2.3.15/freemarker-2.3.15.jar:/common/home/jjs/.m2/repository/org/apache/openejb/javaee-api/5.0-1/javaee-api-5.0-1.jar:/common/home/jjs/.m2/repository/org/springframework/spring-context/2.5.6/spring-context-2.5.6.jar:/common/home/jjs/.m2/repository/aopalliance/aopalliance/1.0/aopalliance-1.0.jar:/common/home/jjs/.m2/repository/commons-logging/commons-logging/1.1.1/commons-logging-1.1.1.jar:/common/home/jjs/.m2/repository/org/springframework/spring-beans/2.5.6/spring-beans-2.5.6.jar:/common/home/jjs/.m2/repository/org/springframework/spring-core/2.5.6/spring-core-2.5.6.jar:/common/home/jjs/.m2/repository/org/springframework/spring-webmvc/2.5.6/spring-webmvc-2.5.6.jar:/common/home/jjs/.m2/repository/org/springframework/spring-context-support/2.5.6/spring-context-support-2.5.6.jar:/common/home/jjs/.m2/repository/org/springframework/spring-web/2.5.6/spring-web-2.5.6.jar:/common/home/jjs/.m2/repository/com/oracle/oracle-jdbc6/11.1/oracle-jdbc6-11.1.jar:/common/home/jjs/.m2/repository/xerces/xercesImpl/2.6.2/xercesImpl-2.6.2.jar:/common/home/jjs/.m2/repository/xerces/xmlParserAPIs/2.6.2/xmlParserAPIs-2.6.2.jar:/common/home/jjs/.m2/repository/log4j/log4j/1.2.14/log4j-1.2.14.jar:"/>
    <property name="java.specification.name" value="Java Platform API Specification"/>
    <property name="java.class.version" value="50.0"/>
    <property name="sun.management.compiler" value="HotSpot Tiered Compilers"/>
    <property name="os.version" value="2.6.35.14-106.fc14.i686"/>
    <property name="user.home" value="/common/home/jjs"/>
    <property name="user.timezone" value=""/>
    <property name="java.awt.printerjob" value="sun.print.PSPrinterJob"/>
    <property name="file.encoding" value="UTF-8"/>
    <property name="java.specification.version" value="1.6"/>
    <property name="user.name" value="jjs"/>
    <property name="java.class.path" value="/common/home/jjs/workspace/javautil-jfm/target/test-classes:/common/home/jjs/workspace/javautil-jfm/target/classes:/common/home/jjs/.m2/repository/junit/junit/4.4/junit-4.4.jar:/common/home/jjs/.m2/repository/org/javautil/javautil-commandline/0.11.0/javautil-commandline-0.11.0.jar:/common/home/jjs/.m2/repository/jcmdline/jcmdline/1.0.3/jcmdline-1.0.3.jar:/common/home/jjs/.m2/repository/commons-configuration/commons-configuration/1.7/commons-configuration-1.7.jar:/common/home/jjs/.m2/repository/commons-collections/commons-collections/3.2.1/commons-collections-3.2.1.jar:/common/home/jjs/.m2/repository/commons-digester/commons-digester/1.8.1/commons-digester-1.8.1.jar:/common/home/jjs/.m2/repository/commons-beanutils/commons-beanutils/1.8.3/commons-beanutils-1.8.3.jar:/common/home/jjs/.m2/repository/org/javautil/javautil-core/0.11.0/javautil-core-0.11.0.jar:/common/home/jjs/.m2/repository/commons-lang/commons-lang/2.4/commons-lang-2.4.jar:/common/home/jjs/.m2/repository/commons-codec/commons-codec/1.5/commons-codec-1.5.jar:/common/home/jjs/.m2/repository/commons-jxpath/commons-jxpath/1.2/commons-jxpath-1.2.jar:/common/home/jjs/.m2/repository/javax/servlet/servlet-api/2.2/servlet-api-2.2.jar:/common/home/jjs/.m2/repository/ant/ant-optional/1.5.1/ant-optional-1.5.1.jar:/common/home/jjs/.m2/repository/xml-apis/xml-apis/1.0.b2/xml-apis-1.0.b2.jar:/common/home/jjs/.m2/repository/jdom/jdom/b9/jdom-b9.jar:/common/home/jjs/.m2/repository/commons-io/commons-io/1.4/commons-io-1.4.jar:/common/home/jjs/.m2/repository/dom4j/dom4j/1.6.1/dom4j-1.6.1.jar:/common/home/jjs/.m2/repository/org/slf4j/slf4j-api/1.5.6/slf4j-api-1.5.6.jar:/common/home/jjs/.m2/repository/org/slf4j/slf4j-simple/1.5.6/slf4j-simple-1.5.6.jar:/common/home/jjs/.m2/repository/org/springframework/spring-test/2.5.6/spring-test-2.5.6.jar:/common/home/jjs/.m2/repository/org/beanshell/bsh/2.0b4/bsh-2.0b4.jar:/common/home/jjs/.m2/repository/org/javautil/javautil-jdbc/0.11.0/javautil-jdbc-0.11.0.jar:/common/home/jjs/.m2/repository/org/springframework/spring-jdbc/2.5.6/spring-jdbc-2.5.6.jar:/common/home/jjs/.m2/repository/org/springframework/spring-tx/2.5.6/spring-tx-2.5.6.jar:/common/home/jjs/.m2/repository/com/h2database/h2/1.3.159/h2-1.3.159.jar:/common/home/jjs/.m2/repository/com/mchange/c3p0/0.9.1/c3p0-0.9.1.jar:/common/home/jjs/.m2/repository/org/apache/commons/commons-io/1.3.2/commons-io-1.3.2.jar:/common/home/jjs/.m2/repository/org/freemarker/freemarker/2.3.15/freemarker-2.3.15.jar:/common/home/jjs/.m2/repository/org/apache/openejb/javaee-api/5.0-1/javaee-api-5.0-1.jar:/common/home/jjs/.m2/repository/org/springframework/spring-context/2.5.6/spring-context-2.5.6.jar:/common/home/jjs/.m2/repository/aopalliance/aopalliance/1.0/aopalliance-1.0.jar:/common/home/jjs/.m2/repository/commons-logging/commons-logging/1.1.1/commons-logging-1.1.1.jar:/common/home/jjs/.m2/repository/org/springframework/spring-beans/2.5.6/spring-beans-2.5.6.jar:/common/home/jjs/.m2/repository/org/springframework/spring-core/2.5.6/spring-core-2.5.6.jar:/common/home/jjs/.m2/repository/org/springframework/spring-webmvc/2.5.6/spring-webmvc-2.5.6.jar:/common/home/jjs/.m2/repository/org/springframework/spring-context-support/2.5.6/spring-context-support-2.5.6.jar:/common/home/jjs/.m2/repository/org/springframework/spring-web/2.5.6/spring-web-2.5.6.jar:/common/home/jjs/.m2/repository/com/oracle/oracle-jdbc6/11.1/oracle-jdbc6-11.1.jar:/common/home/jjs/.m2/repository/xerces/xercesImpl/2.6.2/xercesImpl-2.6.2.jar:/common/home/jjs/.m2/repository/xerces/xmlParserAPIs/2.6.2/xmlParserAPIs-2.6.2.jar:/common/home/jjs/.m2/repository/log4j/log4j/1.2.14/log4j-1.2.14.jar:"/>
    <property name="java.vm.specification.version" value="1.0"/>
    <property name="sun.arch.data.model" value="32"/>
    <property name="java.home" value="/common/tools/linux/32/javas/jdk1.6.0_26/jre"/>
    <property name="sun.java.command" value="/tmp/surefirebooter6503198300040838631.jar /tmp/surefire2320068302719809369tmp /tmp/surefire1555691182779861201tmp"/>
    <property name="DATASOURCES_FILE" value="src/test/java/DataSources.xml"/>
    <property name="java.specification.vendor" value="Sun Microsystems Inc."/>
    <property name="user.language" value="en"/>
    <property name="java.vm.info" value="mixed mode"/>
    <property name="java.version" value="1.6.0_26"/>
    <property name="java.ext.dirs" value="/common/tools/linux/32/javas/jdk1.6.0_26/jre/lib/ext:/usr/java/packages/lib/ext"/>
    <property name="sun.boot.class.path" value="/common/tools/linux/32/javas/jdk1.6.0_26/jre/lib/resources.jar:/common/tools/linux/32/javas/jdk1.6.0_26/jre/lib/rt.jar:/common/tools/linux/32/javas/jdk1.6.0_26/jre/lib/sunrsasign.jar:/common/tools/linux/32/javas/jdk1.6.0_26/jre/lib/jsse.jar:/common/tools/linux/32/javas/jdk1.6.0_26/jre/lib/jce.jar:/common/tools/linux/32/javas/jdk1.6.0_26/jre/lib/charsets.jar:/common/tools/linux/32/javas/jdk1.6.0_26/jre/lib/modules/jdk.boot.jar:/common/tools/linux/32/javas/jdk1.6.0_26/jre/classes"/>
    <property name="java.vendor" value="Sun Microsystems Inc."/>
    <property name="localRepository" value="/common/home/jjs/.m2/repository"/>
    <property name="file.separator" value="/"/>
    <property name="java.vendor.url.bug" value="http://java.sun.com/cgi-bin/bugreport.cgi"/>
    <property name="sun.cpu.endian" value="little"/>
    <property name="sun.io.unicode.encoding" value="UnicodeLittle"/>
    <property name="sun.desktop" value="gnome"/>
    <property name="sun.cpu.isalist" value=""/>
  </properties>
  <testcase time="0.037" classname="org.javautil.jfm.SpringTableMetaDataFormGeneratorTest" name="test1">
    <error message="Can&apos;t find bundle for base name org/javautil/jfm/mains/mvc/SpringTableMetaDataFormGeneratorArguments, locale en_US" type="java.util.MissingResourceException">java.util.MissingResourceException: Can&apos;t find bundle for base name org/javautil/jfm/mains/mvc/SpringTableMetaDataFormGeneratorArguments, locale en_US
	at java.util.ResourceBundle.throwMissingResourceException(ResourceBundle.java:1427)
	at java.util.ResourceBundle.getBundleImpl(ResourceBundle.java:1250)
	at java.util.ResourceBundle.getBundle(ResourceBundle.java:705)
	at org.javautil.commandline.ParameterCreator.getResourceBundle(ParameterCreator.java:573)
	at org.javautil.commandline.ParameterCreator.&lt;init&gt;(ParameterCreator.java:65)
	at org.javautil.commandline.CommandLineHandler.&lt;init&gt;(CommandLineHandler.java:109)
	at org.javautil.jfm.mains.mvc.SpringTableMetaDataFormGeneratorArguments.processArguments(SpringTableMetaDataFormGeneratorArguments.java:67)
	at org.javautil.jfm.mains.mvc.SpringTableMetaDataFTLFormGenerator.main(SpringTableMetaDataFTLFormGenerator.java:133)
	at org.javautil.jfm.SpringTableMetaDataFormGeneratorTest.test1(SpringTableMetaDataFormGeneratorTest.java:26)
	at sun.reflect.NativeMethodAccessorImpl.invoke0(Native Method)
	at sun.reflect.NativeMethodAccessorImpl.invoke(NativeMethodAccessorImpl.java:39)
	at sun.reflect.DelegatingMethodAccessorImpl.invoke(DelegatingMethodAccessorImpl.java:25)
	at java.lang.reflect.Method.invoke(Method.java:597)
	at org.junit.internal.runners.TestMethod.invoke(TestMethod.java:59)
	at org.junit.internal.runners.MethodRoadie.runTestMethod(MethodRoadie.java:98)
	at org.junit.internal.runners.MethodRoadie$2.run(MethodRoadie.java:79)
	at org.junit.internal.runners.MethodRoadie.runBeforesThenTestThenAfters(MethodRoadie.java:87)
	at org.junit.internal.runners.MethodRoadie.runTest(MethodRoadie.java:77)
	at org.junit.internal.runners.MethodRoadie.run(MethodRoadie.java:42)
	at org.junit.internal.runners.JUnit4ClassRunner.invokeTestMethod(JUnit4ClassRunner.java:88)
	at org.junit.internal.runners.JUnit4ClassRunner.runMethods(JUnit4ClassRunner.java:51)
	at org.junit.internal.runners.JUnit4ClassRunner$1.run(JUnit4ClassRunner.java:44)
	at org.junit.internal.runners.ClassRoadie.runUnprotected(ClassRoadie.java:27)
	at org.junit.internal.runners.ClassRoadie.runProtected(ClassRoadie.java:37)
	at org.junit.internal.runners.JUnit4ClassRunner.run(JUnit4ClassRunner.java:42)
	at org.apache.maven.surefire.junit4.JUnit4TestSet.execute(JUnit4TestSet.java:59)
	at org.apache.maven.surefire.suite.AbstractDirectoryTestSuite.executeTestSet(AbstractDirectoryTestSuite.java:115)
	at org.apache.maven.surefire.suite.AbstractDirectoryTestSuite.execute(AbstractDirectoryTestSuite.java:102)
	at org.apache.maven.surefire.Surefire.run(Surefire.java:180)
	at sun.reflect.NativeMethodAccessorImpl.invoke0(Native Method)
	at sun.reflect.NativeMethodAccessorImpl.invoke(NativeMethodAccessorImpl.java:39)
	at sun.reflect.DelegatingMethodAccessorImpl.invoke(DelegatingMethodAccessorImpl.java:25)
	at java.lang.reflect.Method.invoke(Method.java:597)
	at org.apache.maven.surefire.booter.SurefireBooter.runSuitesInProcess(SurefireBooter.java:350)
	at org.apache.maven.surefire.booter.SurefireBooter.main(SurefireBooter.java:1021)
Caused by: java.lang.NoClassDefFoundError: IllegalName: org/javautil/jfm/mains/mvc/SpringTableMetaDataFormGeneratorArguments
	at java.lang.ClassLoader.preDefineClass(ClassLoader.java:476)
	at java.lang.ClassLoader.defineClassCond(ClassLoader.java:625)
	at java.lang.ClassLoader.defineClass(ClassLoader.java:615)
	at java.security.SecureClassLoader.defineClass(SecureClassLoader.java:141)
	at java.net.URLClassLoader.defineClass(URLClassLoader.java:283)
	at java.net.URLClassLoader.access$000(URLClassLoader.java:58)
	at java.net.URLClassLoader$1.run(URLClassLoader.java:197)
	at java.security.AccessController.doPrivileged(Native Method)
	at java.net.URLClassLoader.findClass(URLClassLoader.java:190)
	at java.lang.ClassLoader.loadClass(ClassLoader.java:306)
	at sun.misc.Launcher$AppClassLoader.loadClass(Launcher.java:301)
	at java.lang.ClassLoader.loadClass(ClassLoader.java:247)
	at java.util.ResourceBundle$Control.newBundle(ResourceBundle.java:2289)
	at java.util.ResourceBundle.loadBundle(ResourceBundle.java:1364)
	at java.util.ResourceBundle.findBundle(ResourceBundle.java:1328)
	at java.util.ResourceBundle.findBundle(ResourceBundle.java:1282)
	at java.util.ResourceBundle.findBundle(ResourceBundle.java:1282)
	at java.util.ResourceBundle.getBundleImpl(ResourceBundle.java:1224)
	... 33 more
</error>
  </testcase>
  <testcase time="0.043" classname="org.javautil.jfm.SpringTableMetaDataFormGeneratorTest" name="test2">
    <skipped/>
  </testcase>
  <testcase time="0.043" classname="org.javautil.jfm.SpringTableMetaDataFormGeneratorTest" name="test3">
    <skipped/>
  </testcase>
  <testcase time="0.044" classname="org.javautil.jfm.SpringTableMetaDataFormGeneratorTest" name="test4">
    <skipped/>
  </testcase>
  <testcase time="0.044" classname="org.javautil.jfm.SpringTableMetaDataFormGeneratorTest" name="test5">
    <skipped/>
  </testcase>
  <testcase time="0.044" classname="org.javautil.jfm.SpringTableMetaDataFormGeneratorTest" name="test6">
    <skipped/>
  </testcase>
  <testcase time="0.044" classname="org.javautil.jfm.SpringTableMetaDataFormGeneratorTest" name="test7">
    <skipped/>
  </testcase>
  <testcase time="0.045" classname="org.javautil.jfm.SpringTableMetaDataFormGeneratorTest" name="test8">
    <skipped/>
  </testcase>
  <testcase time="0.045" classname="org.javautil.jfm.SpringTableMetaDataFormGeneratorTest" name="test9">
    <skipped/>
  </testcase>
</testsuite>